[03-Jun-2021 11:13:15 UTC] PHP Parse error:  syntax error, unexpected 'myFirstFunction' (T_STRING) in /Users/Work/Local Sites/fictional-university/app/public/wp-content/themes/fictional-theme/index.php on line 7
[03-Jun-2021 11:32:56 UTC] PHP Parse error:  syntax error, unexpected '<' in /Users/Work/Local Sites/fictional-university/app/public/wp-content/themes/fictional-theme/index.php on line 5
[03-Jun-2021 11:33:00 UTC] PHP Parse error:  syntax error, unexpected '<' in /Users/Work/Local Sites/fictional-university/app/public/wp-content/themes/fictional-theme/index.php on line 5
[03-Jun-2021 13:32:23 UTC] PHP Fatal error:  Uncaught ArgumentCountError: Too few arguments to function add_action(), 0 passed in /Users/Work/Local Sites/fictional-university/app/public/wp-content/themes/fictional-theme/functions.php on line 3 and at least 2 expected in /Users/Work/Local Sites/fictional-university/app/public/wp-includes/plugin.php:409
Stack trace:
#0 /Users/Work/Local Sites/fictional-university/app/public/wp-content/themes/fictional-theme/functions.php(3): add_action()
#1 /Users/Work/Local Sites/fictional-university/app/public/wp-settings.php(528): include('/Users/Work/Loc...')
#2 /Users/Work/Local Sites/fictional-university/app/public/wp-config.php(77): require_once('/Users/Work/Loc...')
#3 /Users/Work/Local Sites/fictional-university/app/public/wp-load.php(37): require_once('/Users/Work/Loc...')
#4 /Users/Work/Local Sites/fictional-university/app/public/wp-admin/admin-ajax.php(22): require_once('/Users/Work/Loc...')
#5 {main}
  thrown in /Users/Work/Local Sites/fictional-university/app/public/wp-includes/plugin.php on line 409
[03-Jun-2021 13:33:24 UTC] PHP Fatal error:  Uncaught ArgumentCountError: Too few arguments to function add_action(), 0 passed in /Users/Work/Local Sites/fictional-university/app/public/wp-content/themes/fictional-theme/functions.php on line 3 and at least 2 expected in /Users/Work/Local Sites/fictional-university/app/public/wp-includes/plugin.php:409
Stack trace:
#0 /Users/Work/Local Sites/fictional-university/app/public/wp-content/themes/fictional-theme/functions.php(3): add_action()
#1 /Users/Work/Local Sites/fictional-university/app/public/wp-settings.php(528): include('/Users/Work/Loc...')
#2 /Users/Work/Local Sites/fictional-university/app/public/wp-config.php(77): require_once('/Users/Work/Loc...')
#3 /Users/Work/Local Sites/fictional-university/app/public/wp-load.php(37): require_once('/Users/Work/Loc...')
#4 /Users/Work/Local Sites/fictional-university/app/public/wp-admin/admin-ajax.php(22): require_once('/Users/Work/Loc...')
#5 {main}
  thrown in /Users/Work/Local Sites/fictional-university/app/public/wp-includes/plugin.php on line 409
[03-Jun-2021 13:35:25 UTC] PHP Fatal error:  Uncaught ArgumentCountError: Too few arguments to function add_action(), 0 passed in /Users/Work/Local Sites/fictional-university/app/public/wp-content/themes/fictional-theme/functions.php on line 3 and at least 2 expected in /Users/Work/Local Sites/fictional-university/app/public/wp-includes/plugin.php:409
Stack trace:
#0 /Users/Work/Local Sites/fictional-university/app/public/wp-content/themes/fictional-theme/functions.php(3): add_action()
#1 /Users/Work/Local Sites/fictional-university/app/public/wp-settings.php(528): include('/Users/Work/Loc...')
#2 /Users/Work/Local Sites/fictional-university/app/public/wp-config.php(77): require_once('/Users/Work/Loc...')
#3 /Users/Work/Local Sites/fictional-university/app/public/wp-load.php(37): require_once('/Users/Work/Loc...')
#4 /Users/Work/Local Sites/fictional-university/app/public/wp-admin/admin-ajax.php(22): require_once('/Users/Work/Loc...')
#5 {main}
  thrown in /Users/Work/Local Sites/fictional-university/app/public/wp-includes/plugin.php on line 409
[03-Jun-2021 13:36:29 UTC] PHP Fatal error:  Uncaught ArgumentCountError: Too few arguments to function add_action(), 0 passed in /Users/Work/Local Sites/fictional-university/app/public/wp-content/themes/fictional-theme/functions.php on line 3 and at least 2 expected in /Users/Work/Local Sites/fictional-university/app/public/wp-includes/plugin.php:409
Stack trace:
#0 /Users/Work/Local Sites/fictional-university/app/public/wp-content/themes/fictional-theme/functions.php(3): add_action()
#1 /Users/Work/Local Sites/fictional-university/app/public/wp-settings.php(528): include('/Users/Work/Loc...')
#2 /Users/Work/Local Sites/fictional-university/app/public/wp-config.php(77): require_once('/Users/Work/Loc...')
#3 /Users/Work/Local Sites/fictional-university/app/public/wp-load.php(37): require_once('/Users/Work/Loc...')
#4 /Users/Work/Local Sites/fictional-university/app/public/wp-admin/admin-ajax.php(22): require_once('/Users/Work/Loc...')
#5 {main}
  thrown in /Users/Work/Local Sites/fictional-university/app/public/wp-includes/plugin.php on line 409
[03-Jun-2021 13:37:30 UTC] PHP Fatal error:  Uncaught ArgumentCountError: Too few arguments to function add_action(), 0 passed in /Users/Work/Local Sites/fictional-university/app/public/wp-content/themes/fictional-theme/functions.php on line 3 and at least 2 expected in /Users/Work/Local Sites/fictional-university/app/public/wp-includes/plugin.php:409
Stack trace:
#0 /Users/Work/Local Sites/fictional-university/app/public/wp-content/themes/fictional-theme/functions.php(3): add_action()
#1 /Users/Work/Local Sites/fictional-university/app/public/wp-settings.php(528): include('/Users/Work/Loc...')
#2 /Users/Work/Local Sites/fictional-university/app/public/wp-config.php(77): require_once('/Users/Work/Loc...')
#3 /Users/Work/Local Sites/fictional-university/app/public/wp-load.php(37): require_once('/Users/Work/Loc...')
#4 /Users/Work/Local Sites/fictional-university/app/public/wp-admin/admin-ajax.php(22): require_once('/Users/Work/Loc...')
#5 {main}
  thrown in /Users/Work/Local Sites/fictional-university/app/public/wp-includes/plugin.php on line 409
[03-Jun-2021 13:39:31 UTC] PHP Fatal error:  Uncaught ArgumentCountError: Too few arguments to function add_action(), 0 passed in /Users/Work/Local Sites/fictional-university/app/public/wp-content/themes/fictional-theme/functions.php on line 3 and at least 2 expected in /Users/Work/Local Sites/fictional-university/app/public/wp-includes/plugin.php:409
Stack trace:
#0 /Users/Work/Local Sites/fictional-university/app/public/wp-content/themes/fictional-theme/functions.php(3): add_action()
#1 /Users/Work/Local Sites/fictional-university/app/public/wp-settings.php(528): include('/Users/Work/Loc...')
#2 /Users/Work/Local Sites/fictional-university/app/public/wp-config.php(77): require_once('/Users/Work/Loc...')
#3 /Users/Work/Local Sites/fictional-university/app/public/wp-load.php(37): require_once('/Users/Work/Loc...')
#4 /Users/Work/Local Sites/fictional-university/app/public/wp-admin/admin-ajax.php(22): require_once('/Users/Work/Loc...')
#5 {main}
  thrown in /Users/Work/Local Sites/fictional-university/app/public/wp-includes/plugin.php on line 409
[03-Jun-2021 13:41:32 UTC] PHP Fatal error:  Uncaught ArgumentCountError: Too few arguments to function add_action(), 0 passed in /Users/Work/Local Sites/fictional-university/app/public/wp-content/themes/fictional-theme/functions.php on line 3 and at least 2 expected in /Users/Work/Local Sites/fictional-university/app/public/wp-includes/plugin.php:409
Stack trace:
#0 /Users/Work/Local Sites/fictional-university/app/public/wp-content/themes/fictional-theme/functions.php(3): add_action()
#1 /Users/Work/Local Sites/fictional-university/app/public/wp-settings.php(528): include('/Users/Work/Loc...')
#2 /Users/Work/Local Sites/fictional-university/app/public/wp-config.php(77): require_once('/Users/Work/Loc...')
#3 /Users/Work/Local Sites/fictional-university/app/public/wp-load.php(37): require_once('/Users/Work/Loc...')
#4 /Users/Work/Local Sites/fictional-university/app/public/wp-admin/admin-ajax.php(22): require_once('/Users/Work/Loc...')
#5 {main}
  thrown in /Users/Work/Local Sites/fictional-university/app/public/wp-includes/plugin.php on line 409
[03-Jun-2021 13:43:34 UTC] PHP Fatal error:  Uncaught ArgumentCountError: Too few arguments to function add_action(), 0 passed in /Users/Work/Local Sites/fictional-university/app/public/wp-content/themes/fictional-theme/functions.php on line 3 and at least 2 expected in /Users/Work/Local Sites/fictional-university/app/public/wp-includes/plugin.php:409
Stack trace:
#0 /Users/Work/Local Sites/fictional-university/app/public/wp-content/themes/fictional-theme/functions.php(3): add_action()
#1 /Users/Work/Local Sites/fictional-university/app/public/wp-settings.php(528): include('/Users/Work/Loc...')
#2 /Users/Work/Local Sites/fictional-university/app/public/wp-config.php(77): require_once('/Users/Work/Loc...')
#3 /Users/Work/Local Sites/fictional-university/app/public/wp-load.php(37): require_once('/Users/Work/Loc...')
#4 /Users/Work/Local Sites/fictional-university/app/public/wp-admin/admin-ajax.php(22): require_once('/Users/Work/Loc...')
#5 {main}
  thrown in /Users/Work/Local Sites/fictional-university/app/public/wp-includes/plugin.php on line 409
[03-Jun-2021 13:45:37 UTC] PHP Fatal error:  Uncaught ArgumentCountError: Too few arguments to function add_action(), 0 passed in /Users/Work/Local Sites/fictional-university/app/public/wp-content/themes/fictional-theme/functions.php on line 3 and at least 2 expected in /Users/Work/Local Sites/fictional-university/app/public/wp-includes/plugin.php:409
Stack trace:
#0 /Users/Work/Local Sites/fictional-university/app/public/wp-content/themes/fictional-theme/functions.php(3): add_action()
#1 /Users/Work/Local Sites/fictional-university/app/public/wp-settings.php(528): include('/Users/Work/Loc...')
#2 /Users/Work/Local Sites/fictional-university/app/public/wp-config.php(77): require_once('/Users/Work/Loc...')
#3 /Users/Work/Local Sites/fictional-university/app/public/wp-load.php(37): require_once('/Users/Work/Loc...')
#4 /Users/Work/Local Sites/fictional-university/app/public/wp-admin/admin-ajax.php(22): require_once('/Users/Work/Loc...')
#5 {main}
  thrown in /Users/Work/Local Sites/fictional-university/app/public/wp-includes/plugin.php on line 409
[03-Jun-2021 14:54:42 UTC] PHP Fatal error:  Uncaught ArgumentCountError: Too few arguments to function add_action(), 0 passed in /Users/Work/Local Sites/fictional-university/app/public/wp-content/themes/fictional-theme/functions.php on line 3 and at least 2 expected in /Users/Work/Local Sites/fictional-university/app/public/wp-includes/plugin.php:409
Stack trace:
#0 /Users/Work/Local Sites/fictional-university/app/public/wp-content/themes/fictional-theme/functions.php(3): add_action()
#1 /Users/Work/Local Sites/fictional-university/app/public/wp-settings.php(528): include('/Users/Work/Loc...')
#2 /Users/Work/Local Sites/fictional-university/app/public/wp-config.php(77): require_once('/Users/Work/Loc...')
#3 /Users/Work/Local Sites/fictional-university/app/public/wp-load.php(37): require_once('/Users/Work/Loc...')
#4 /Users/Work/Local Sites/fictional-university/app/public/wp-admin/admin-ajax.php(22): require_once('/Users/Work/Loc...')
#5 {main}
  thrown in /Users/Work/Local Sites/fictional-university/app/public/wp-includes/plugin.php on line 409
[03-Jun-2021 14:55:43 UTC] PHP Fatal error:  Uncaught ArgumentCountError: Too few arguments to function add_action(), 0 passed in /Users/Work/Local Sites/fictional-university/app/public/wp-content/themes/fictional-theme/functions.php on line 3 and at least 2 expected in /Users/Work/Local Sites/fictional-university/app/public/wp-includes/plugin.php:409
Stack trace:
#0 /Users/Work/Local Sites/fictional-university/app/public/wp-content/themes/fictional-theme/functions.php(3): add_action()
#1 /Users/Work/Local Sites/fictional-university/app/public/wp-settings.php(528): include('/Users/Work/Loc...')
#2 /Users/Work/Local Sites/fictional-university/app/public/wp-config.php(77): require_once('/Users/Work/Loc...')
#3 /Users/Work/Local Sites/fictional-university/app/public/wp-load.php(37): require_once('/Users/Work/Loc...')
#4 /Users/Work/Local Sites/fictional-university/app/public/wp-admin/admin-ajax.php(22): require_once('/Users/Work/Loc...')
#5 {main}
  thrown in /Users/Work/Local Sites/fictional-university/app/public/wp-includes/plugin.php on line 409
[03-Jun-2021 14:57:44 UTC] PHP Fatal error:  Uncaught ArgumentCountError: Too few arguments to function add_action(), 0 passed in /Users/Work/Local Sites/fictional-university/app/public/wp-content/themes/fictional-theme/functions.php on line 3 and at least 2 expected in /Users/Work/Local Sites/fictional-university/app/public/wp-includes/plugin.php:409
Stack trace:
#0 /Users/Work/Local Sites/fictional-university/app/public/wp-content/themes/fictional-theme/functions.php(3): add_action()
#1 /Users/Work/Local Sites/fictional-university/app/public/wp-settings.php(528): include('/Users/Work/Loc...')
#2 /Users/Work/Local Sites/fictional-university/app/public/wp-config.php(77): require_once('/Users/Work/Loc...')
#3 /Users/Work/Local Sites/fictional-university/app/public/wp-load.php(37): require_once('/Users/Work/Loc...')
#4 /Users/Work/Local Sites/fictional-university/app/public/wp-admin/admin-ajax.php(22): require_once('/Users/Work/Loc...')
#5 {main}
  thrown in /Users/Work/Local Sites/fictional-university/app/public/wp-includes/plugin.php on line 409
[03-Jun-2021 14:59:46 UTC] PHP Fatal error:  Uncaught ArgumentCountError: Too few arguments to function add_action(), 0 passed in /Users/Work/Local Sites/fictional-university/app/public/wp-content/themes/fictional-theme/functions.php on line 3 and at least 2 expected in /Users/Work/Local Sites/fictional-university/app/public/wp-includes/plugin.php:409
Stack trace:
#0 /Users/Work/Local Sites/fictional-university/app/public/wp-content/themes/fictional-theme/functions.php(3): add_action()
#1 /Users/Work/Local Sites/fictional-university/app/public/wp-settings.php(528): include('/Users/Work/Loc...')
#2 /Users/Work/Local Sites/fictional-university/app/public/wp-config.php(77): require_once('/Users/Work/Loc...')
#3 /Users/Work/Local Sites/fictional-university/app/public/wp-load.php(37): require_once('/Users/Work/Loc...')
#4 /Users/Work/Local Sites/fictional-university/app/public/wp-admin/admin-ajax.php(22): require_once('/Users/Work/Loc...')
#5 {main}
  thrown in /Users/Work/Local Sites/fictional-university/app/public/wp-includes/plugin.php on line 409
[03-Jun-2021 15:01:43 UTC] PHP Fatal error:  Uncaught ArgumentCountError: Too few arguments to function add_action(), 0 passed in /Users/Work/Local Sites/fictional-university/app/public/wp-content/themes/fictional-theme/functions.php on line 3 and at least 2 expected in /Users/Work/Local Sites/fictional-university/app/public/wp-includes/plugin.php:409
Stack trace:
#0 /Users/Work/Local Sites/fictional-university/app/public/wp-content/themes/fictional-theme/functions.php(3): add_action()
#1 /Users/Work/Local Sites/fictional-university/app/public/wp-settings.php(528): include('/Users/Work/Loc...')
#2 /Users/Work/Local Sites/fictional-university/app/public/wp-config.php(77): require_once('/Users/Work/Loc...')
#3 /Users/Work/Local Sites/fictional-university/app/public/wp-load.php(37): require_once('/Users/Work/Loc...')
#4 /Users/Work/Local Sites/fictional-university/app/public/wp-admin/admin-ajax.php(22): require_once('/Users/Work/Loc...')
#5 {main}
  thrown in /Users/Work/Local Sites/fictional-university/app/public/wp-includes/plugin.php on line 409
[03-Jun-2021 15:02:43 UTC] PHP Fatal error:  Uncaught ArgumentCountError: Too few arguments to function add_action(), 0 passed in /Users/Work/Local Sites/fictional-university/app/public/wp-content/themes/fictional-theme/functions.php on line 3 and at least 2 expected in /Users/Work/Local Sites/fictional-university/app/public/wp-includes/plugin.php:409
Stack trace:
#0 /Users/Work/Local Sites/fictional-university/app/public/wp-content/themes/fictional-theme/functions.php(3): add_action()
#1 /Users/Work/Local Sites/fictional-university/app/public/wp-settings.php(528): include('/Users/Work/Loc...')
#2 /Users/Work/Local Sites/fictional-university/app/public/wp-config.php(77): require_once('/Users/Work/Loc...')
#3 /Users/Work/Local Sites/fictional-university/app/public/wp-load.php(37): require_once('/Users/Work/Loc...')
#4 /Users/Work/Local Sites/fictional-university/app/public/wp-admin/admin-ajax.php(22): require_once('/Users/Work/Loc...')
#5 {main}
  thrown in /Users/Work/Local Sites/fictional-university/app/public/wp-includes/plugin.php on line 409
[04-Jun-2021 10:28:22 UTC] PHP Parse error:  syntax error, unexpected 'wp_enqueue_style' (T_STRING) in /Users/Work/Local Sites/fictional-university/app/public/wp-content/themes/fictional-theme/functions.php on line 5
[04-Jun-2021 10:28:22 UTC] PHP Parse error:  syntax error, unexpected 'wp_enqueue_style' (T_STRING) in /Users/Work/Local Sites/fictional-university/app/public/wp-content/themes/fictional-theme/functions.php on line 5
[04-Jun-2021 10:28:34 UTC] PHP Parse error:  syntax error, unexpected 'wp_enqueue_style' (T_STRING) in /Users/Work/Local Sites/fictional-university/app/public/wp-content/themes/fictional-theme/functions.php on line 5
[04-Jun-2021 10:28:34 UTC] PHP Parse error:  syntax error, unexpected 'wp_enqueue_style' (T_STRING) in /Users/Work/Local Sites/fictional-university/app/public/wp-content/themes/fictional-theme/functions.php on line 5
[04-Jun-2021 10:28:41 UTC] PHP Parse error:  syntax error, unexpected 'wp_enqueue_style' (T_STRING) in /Users/Work/Local Sites/fictional-university/app/public/wp-content/themes/fictional-theme/functions.php on line 5
[04-Jun-2021 10:28:41 UTC] PHP Parse error:  syntax error, unexpected 'wp_enqueue_style' (T_STRING) in /Users/Work/Local Sites/fictional-university/app/public/wp-content/themes/fictional-theme/functions.php on line 5
[04-Jun-2021 10:29:24 UTC] PHP Parse error:  syntax error, unexpected 'wp_enqueue_style' (T_STRING) in /Users/Work/Local Sites/fictional-university/app/public/wp-content/themes/fictional-theme/functions.php on line 5
[04-Jun-2021 10:29:24 UTC] PHP Parse error:  syntax error, unexpected 'wp_enqueue_style' (T_STRING) in /Users/Work/Local Sites/fictional-university/app/public/wp-content/themes/fictional-theme/functions.php on line 5
[04-Jun-2021 10:48:22 UTC] PHP Parse error:  syntax error, unexpected 'wp_enqueue_style' (T_STRING) in /Users/Work/Local Sites/fictional-university/app/public/wp-content/themes/fictional-theme/functions.php on line 5
[04-Jun-2021 10:48:22 UTC] PHP Parse error:  syntax error, unexpected 'wp_enqueue_style' (T_STRING) in /Users/Work/Local Sites/fictional-university/app/public/wp-content/themes/fictional-theme/functions.php on line 5
[04-Jun-2021 10:48:27 UTC] PHP Warning:  Use of undefined constant wp - assumed 'wp' (this will throw an Error in a future version of PHP) in /Users/Work/Local Sites/fictional-university/app/public/wp-content/themes/fictional-theme/functions.php on line 4
[04-Jun-2021 10:48:27 UTC] PHP Stack trace:
[04-Jun-2021 10:48:27 UTC] PHP   1. {main}() /Users/Work/Local Sites/fictional-university/app/public/index.php:0
[04-Jun-2021 10:48:27 UTC] PHP   2. require() /Users/Work/Local Sites/fictional-university/app/public/index.php:17
[04-Jun-2021 10:48:27 UTC] PHP   3. require_once() /Users/Work/Local Sites/fictional-university/app/public/wp-blog-header.php:19
[04-Jun-2021 10:48:27 UTC] PHP   4. include() /Users/Work/Local Sites/fictional-university/app/public/wp-includes/template-loader.php:106
[04-Jun-2021 10:48:27 UTC] PHP   5. get_header() /Users/Work/Local Sites/fictional-university/app/public/wp-content/themes/fictional-theme/index.php:1
[04-Jun-2021 10:48:27 UTC] PHP   6. locate_template() /Users/Work/Local Sites/fictional-university/app/public/wp-includes/general-template.php:48
[04-Jun-2021 10:48:27 UTC] PHP   7. load_template() /Users/Work/Local Sites/fictional-university/app/public/wp-includes/template.php:676
[04-Jun-2021 10:48:27 UTC] PHP   8. require_once() /Users/Work/Local Sites/fictional-university/app/public/wp-includes/template.php:730
[04-Jun-2021 10:48:27 UTC] PHP   9. wp_head() /Users/Work/Local Sites/fictional-university/app/public/wp-content/themes/fictional-theme/header.php:4
[04-Jun-2021 10:48:27 UTC] PHP  10. do_action() /Users/Work/Local Sites/fictional-university/app/public/wp-includes/general-template.php:3009
[04-Jun-2021 10:48:27 UTC] PHP  11. WP_Hook->do_action() /Users/Work/Local Sites/fictional-university/app/public/wp-includes/plugin.php:484
[04-Jun-2021 10:48:27 UTC] PHP  12. WP_Hook->apply_filters() /Users/Work/Local Sites/fictional-university/app/public/wp-includes/class-wp-hook.php:316
[04-Jun-2021 10:48:27 UTC] PHP  13. wp_enqueue_scripts() /Users/Work/Local Sites/fictional-university/app/public/wp-includes/class-wp-hook.php:292
[04-Jun-2021 10:48:27 UTC] PHP  14. do_action() /Users/Work/Local Sites/fictional-university/app/public/wp-includes/script-loader.php:2027
[04-Jun-2021 10:48:27 UTC] PHP  15. WP_Hook->do_action() /Users/Work/Local Sites/fictional-university/app/public/wp-includes/plugin.php:484
[04-Jun-2021 10:48:27 UTC] PHP  16. WP_Hook->apply_filters() /Users/Work/Local Sites/fictional-university/app/public/wp-includes/class-wp-hook.php:316
[04-Jun-2021 10:48:27 UTC] PHP  17. university_files() /Users/Work/Local Sites/fictional-university/app/public/wp-includes/class-wp-hook.php:292
[04-Jun-2021 10:48:27 UTC] PHP Fatal error:  Uncaught Error: Call to undefined function enqueue_script() in /Users/Work/Local Sites/fictional-university/app/public/wp-content/themes/fictional-theme/functions.php:4
Stack trace:
#0 /Users/Work/Local Sites/fictional-university/app/public/wp-includes/class-wp-hook.php(292): university_files('')
#1 /Users/Work/Local Sites/fictional-university/app/public/wp-includes/class-wp-hook.php(316): WP_Hook->apply_filters(NULL, Array)
#2 /Users/Work/Local Sites/fictional-university/app/public/wp-includes/plugin.php(484): WP_Hook->do_action(Array)
#3 /Users/Work/Local Sites/fictional-university/app/public/wp-includes/script-loader.php(2027): do_action('wp_enqueue_scri...')
#4 /Users/Work/Local Sites/fictional-university/app/public/wp-includes/class-wp-hook.php(292): wp_enqueue_scripts('')
#5 /Users/Work/Local Sites/fictional-university/app/public/wp-includes/class-wp-hook.php(316): WP_Hook->apply_filters(NULL, Array)
#6 /Users/Work/Local Sites/fictional-university/app/public/wp-includes/plugin.php(484): WP_Hook->do_acti in /Users/Work/Local Sites/fictional-university/app/public/wp-content/themes/fictional-theme/functions.php on line 4
[04-Jun-2021 10:48:32 UTC] PHP Parse error:  syntax error, unexpected ';', expecting ')' in /Users/Work/Local Sites/fictional-university/app/public/wp-content/themes/fictional-theme/functions.php on line 4
[04-Jun-2021 10:48:32 UTC] PHP Parse error:  syntax error, unexpected ';', expecting ')' in /Users/Work/Local Sites/fictional-university/app/public/wp-content/themes/fictional-theme/functions.php on line 4
[04-Jun-2021 10:49:11 UTC] PHP Parse error:  syntax error, unexpected ';', expecting ')' in /Users/Work/Local Sites/fictional-university/app/public/wp-content/themes/fictional-theme/functions.php on line 4
[04-Jun-2021 10:49:11 UTC] PHP Parse error:  syntax error, unexpected ';', expecting ')' in /Users/Work/Local Sites/fictional-university/app/public/wp-content/themes/fictional-theme/functions.php on line 4
[04-Jun-2021 10:53:50 UTC] PHP Parse error:  syntax error, unexpected ';', expecting ')' in /Users/Work/Local Sites/fictional-university/app/public/wp-content/themes/fictional-theme/functions.php on line 4
[04-Jun-2021 10:53:50 UTC] PHP Parse error:  syntax error, unexpected ';', expecting ')' in /Users/Work/Local Sites/fictional-university/app/public/wp-content/themes/fictional-theme/functions.php on line 4
[04-Jun-2021 10:54:15 UTC] PHP Parse error:  syntax error, unexpected ';', expecting ')' in /Users/Work/Local Sites/fictional-university/app/public/wp-content/themes/fictional-theme/functions.php on line 4
[04-Jun-2021 10:54:15 UTC] PHP Parse error:  syntax error, unexpected ';', expecting ')' in /Users/Work/Local Sites/fictional-university/app/public/wp-content/themes/fictional-theme/functions.php on line 4
[04-Jun-2021 10:54:46 UTC] PHP Parse error:  syntax error, unexpected ';', expecting ')' in /Users/Work/Local Sites/fictional-university/app/public/wp-content/themes/fictional-theme/functions.php on line 4
[04-Jun-2021 10:54:46 UTC] PHP Parse error:  syntax error, unexpected ';', expecting ')' in /Users/Work/Local Sites/fictional-university/app/public/wp-content/themes/fictional-theme/functions.php on line 4
[04-Jun-2021 11:16:15 UTC] PHP Parse error:  syntax error, unexpected 'while' (T_WHILE) in /Users/Work/Local Sites/fictional-university/app/public/wp-content/themes/fictional-theme/page.php on line 5
[04-Jun-2021 11:16:22 UTC] PHP Warning:  Use of undefined constant get_footer - assumed 'get_footer' (this will throw an Error in a future version of PHP) in /Users/Work/Local Sites/fictional-university/app/public/wp-content/themes/fictional-theme/page.php on line 40
[04-Jun-2021 11:16:22 UTC] PHP Stack trace:
[04-Jun-2021 11:16:22 UTC] PHP   1. {main}() /Users/Work/Local Sites/fictional-university/app/public/index.php:0
[04-Jun-2021 11:16:22 UTC] PHP   2. require() /Users/Work/Local Sites/fictional-university/app/public/index.php:17
[04-Jun-2021 11:16:22 UTC] PHP   3. require_once() /Users/Work/Local Sites/fictional-university/app/public/wp-blog-header.php:19
[04-Jun-2021 11:16:22 UTC] PHP   4. include() /Users/Work/Local Sites/fictional-university/app/public/wp-includes/template-loader.php:106
[04-Jun-2021 13:43:23 UTC] PHP Warning:  Use of undefined constant the_title - assumed 'the_title' (this will throw an Error in a future version of PHP) in /Users/Work/Local Sites/fictional-university/app/public/wp-content/themes/fictional-theme/page.php on line 21
[04-Jun-2021 13:43:23 UTC] PHP Stack trace:
[04-Jun-2021 13:43:23 UTC] PHP   1. {main}() /Users/Work/Local Sites/fictional-university/app/public/index.php:0
[04-Jun-2021 13:43:23 UTC] PHP   2. require() /Users/Work/Local Sites/fictional-university/app/public/index.php:17
[04-Jun-2021 13:43:23 UTC] PHP   3. require_once() /Users/Work/Local Sites/fictional-university/app/public/wp-blog-header.php:19
[04-Jun-2021 13:43:23 UTC] PHP   4. include() /Users/Work/Local Sites/fictional-university/app/public/wp-includes/template-loader.php:106
[04-Jun-2021 14:28:18 UTC] PHP Parse error:  syntax error, unexpected '}', expecting ',' or ';' in /Users/Work/Local Sites/fictional-university/app/public/wp-content/themes/fictional-theme/page.php on line 23
[04-Jun-2021 14:28:33 UTC] PHP Parse error:  syntax error, unexpected ')' in /Users/Work/Local Sites/fictional-university/app/public/wp-content/themes/fictional-theme/page.php on line 21
[04-Jun-2021 14:29:07 UTC] PHP Parse error:  syntax error, unexpected '}', expecting ',' or ';' in /Users/Work/Local Sites/fictional-university/app/public/wp-content/themes/fictional-theme/page.php on line 23
[04-Jun-2021 14:29:12 UTC] PHP Parse error:  syntax error, unexpected ')' in /Users/Work/Local Sites/fictional-university/app/public/wp-content/themes/fictional-theme/page.php on line 21
[04-Jun-2021 14:29:35 UTC] PHP Parse error:  syntax error, unexpected '}', expecting ',' or ';' in /Users/Work/Local Sites/fictional-university/app/public/wp-content/themes/fictional-theme/page.php on line 23
[04-Jun-2021 14:39:47 UTC] PHP Parse error:  syntax error, unexpected 'if' (T_IF) in /Users/Work/Local Sites/fictional-university/app/public/wp-content/themes/fictional-theme/page.php on line 22
